CRITICAL - 2023-09-22 02:02:08 --> syntax error, unexpected token ";"
in APPPATH\Views\create.php on line 41.
 1 SYSTEMPATH\View\View.php(229): CodeIgniter\View\View->CodeIgniter\View\{closure}()
 2 SYSTEMPATH\Common.php(1188): CodeIgniter\View\View->render('create', [], true)
 3 APPPATH\Controllers\Home.php(9): view('create')
 4 SYSTEMPATH\CodeIgniter.php(919): App\Controllers\Home->index()
 5 SYSTEMPATH\CodeIgniter.php(494): CodeIgniter\CodeIgniter->runController(Object(App\Controllers\Home))
 6 SYSTEMPATH\CodeIgniter.php(353): CodeIgniter\CodeIgniter->handleRequest(null, Object(Config\Cache), false)
 7 FCPATH\index.php(79): CodeIgniter\CodeIgniter->run()
 8 SYSTEMPATH\Commands\Server\rewrite.php(47): require_once('D:\\laragon\\www\\ITC311_Activity1_SimpleCRUD\\public\\index.php')
CRITICAL - 2023-09-22 02:04:12 --> syntax error, unexpected end of file
in APPPATH\Views\create.php on line 53.
 1 SYSTEMPATH\View\View.php(229): CodeIgniter\View\View->CodeIgniter\View\{closure}()
 2 SYSTEMPATH\Common.php(1188): CodeIgniter\View\View->render('create', [], true)
 3 APPPATH\Controllers\Home.php(9): view('create')
 4 SYSTEMPATH\CodeIgniter.php(919): App\Controllers\Home->index()
 5 SYSTEMPATH\CodeIgniter.php(494): CodeIgniter\CodeIgniter->runController(Object(App\Controllers\Home))
 6 SYSTEMPATH\CodeIgniter.php(353): CodeIgniter\CodeIgniter->handleRequest(null, Object(Config\Cache), false)
 7 FCPATH\index.php(79): CodeIgniter\CodeIgniter->run()
 8 SYSTEMPATH\Commands\Server\rewrite.php(47): require_once('D:\\laragon\\www\\ITC311_Activity1_SimpleCRUD\\public\\index.php')
CRITICAL - 2023-09-22 02:08:36 --> syntax error, unexpected end of file
in APPPATH\Views\create.php on line 57.
 1 SYSTEMPATH\View\View.php(229): CodeIgniter\View\View->CodeIgniter\View\{closure}()
 2 SYSTEMPATH\Common.php(1188): CodeIgniter\View\View->render('create', [], true)
 3 APPPATH\Controllers\Home.php(9): view('create')
 4 SYSTEMPATH\CodeIgniter.php(919): App\Controllers\Home->index()
 5 SYSTEMPATH\CodeIgniter.php(494): CodeIgniter\CodeIgniter->runController(Object(App\Controllers\Home))
 6 SYSTEMPATH\CodeIgniter.php(353): CodeIgniter\CodeIgniter->handleRequest(null, Object(Config\Cache), false)
 7 FCPATH\index.php(79): CodeIgniter\CodeIgniter->run()
 8 SYSTEMPATH\Commands\Server\rewrite.php(47): require_once('D:\\laragon\\www\\ITC311_Activity1_SimpleCRUD\\public\\index.php')
CRITICAL - 2023-09-22 02:08:52 --> syntax error, unexpected end of file
in APPPATH\Views\create.php on line 57.
 1 SYSTEMPATH\View\View.php(229): CodeIgniter\View\View->CodeIgniter\View\{closure}()
 2 SYSTEMPATH\Common.php(1188): CodeIgniter\View\View->render('create', [], true)
 3 APPPATH\Controllers\Home.php(9): view('create')
 4 SYSTEMPATH\CodeIgniter.php(919): App\Controllers\Home->index()
 5 SYSTEMPATH\CodeIgniter.php(494): CodeIgniter\CodeIgniter->runController(Object(App\Controllers\Home))
 6 SYSTEMPATH\CodeIgniter.php(353): CodeIgniter\CodeIgniter->handleRequest(null, Object(Config\Cache), false)
 7 FCPATH\index.php(79): CodeIgniter\CodeIgniter->run()
 8 SYSTEMPATH\Commands\Server\rewrite.php(47): require_once('D:\\laragon\\www\\ITC311_Activity1_SimpleCRUD\\public\\index.php')
CRITICAL - 2023-09-22 02:10:13 --> syntax error, unexpected end of file
in APPPATH\Views\create.php on line 55.
 1 SYSTEMPATH\View\View.php(229): CodeIgniter\View\View->CodeIgniter\View\{closure}()
 2 SYSTEMPATH\Common.php(1188): CodeIgniter\View\View->render('create', [], true)
 3 APPPATH\Controllers\Home.php(9): view('create')
 4 SYSTEMPATH\CodeIgniter.php(919): App\Controllers\Home->index()
 5 SYSTEMPATH\CodeIgniter.php(494): CodeIgniter\CodeIgniter->runController(Object(App\Controllers\Home))
 6 SYSTEMPATH\CodeIgniter.php(353): CodeIgniter\CodeIgniter->handleRequest(null, Object(Config\Cache), false)
 7 FCPATH\index.php(79): CodeIgniter\CodeIgniter->run()
 8 SYSTEMPATH\Commands\Server\rewrite.php(47): require_once('D:\\laragon\\www\\ITC311_Activity1_SimpleCRUD\\public\\index.php')
CRITICAL - 2023-09-22 05:03:25 --> syntax error, unexpected end of file
in APPPATH\Views\create.php on line 55.
 1 SYSTEMPATH\View\View.php(229): CodeIgniter\View\View->CodeIgniter\View\{closure}()
 2 SYSTEMPATH\Common.php(1188): CodeIgniter\View\View->render('create', [], true)
 3 APPPATH\Controllers\Home.php(9): view('create')
 4 SYSTEMPATH\CodeIgniter.php(919): App\Controllers\Home->index()
 5 SYSTEMPATH\CodeIgniter.php(494): CodeIgniter\CodeIgniter->runController(Object(App\Controllers\Home))
 6 SYSTEMPATH\CodeIgniter.php(353): CodeIgniter\CodeIgniter->handleRequest(null, Object(Config\Cache), false)
 7 FCPATH\index.php(79): CodeIgniter\CodeIgniter->run()
 8 SYSTEMPATH\Commands\Server\rewrite.php(47): require_once('D:\\laragon\\www\\ITC311_Activity1_SimpleCRUD\\public\\index.php')
CRITICAL - 2023-09-22 05:06:13 --> syntax error, unexpected end of file
in APPPATH\Views\create.php on line 55.
 1 SYSTEMPATH\View\View.php(229): CodeIgniter\View\View->CodeIgniter\View\{closure}()
 2 SYSTEMPATH\Common.php(1188): CodeIgniter\View\View->render('create', [], true)
 3 APPPATH\Controllers\Home.php(9): view('create')
 4 SYSTEMPATH\CodeIgniter.php(919): App\Controllers\Home->index()
 5 SYSTEMPATH\CodeIgniter.php(494): CodeIgniter\CodeIgniter->runController(Object(App\Controllers\Home))
 6 SYSTEMPATH\CodeIgniter.php(353): CodeIgniter\CodeIgniter->handleRequest(null, Object(Config\Cache), false)
 7 FCPATH\index.php(79): CodeIgniter\CodeIgniter->run()
 8 SYSTEMPATH\Commands\Server\rewrite.php(47): require_once('D:\\laragon\\www\\ITC311_Activity1_SimpleCRUD\\public\\index.php')
CRITICAL - 2023-09-22 05:06:21 --> syntax error, unexpected end of file
in APPPATH\Views\create.php on line 55.
 1 SYSTEMPATH\View\View.php(229): CodeIgniter\View\View->CodeIgniter\View\{closure}()
 2 SYSTEMPATH\Common.php(1188): CodeIgniter\View\View->render('create', [], true)
 3 APPPATH\Controllers\Home.php(9): view('create')
 4 SYSTEMPATH\CodeIgniter.php(919): App\Controllers\Home->index()
 5 SYSTEMPATH\CodeIgniter.php(494): CodeIgniter\CodeIgniter->runController(Object(App\Controllers\Home))
 6 SYSTEMPATH\CodeIgniter.php(353): CodeIgniter\CodeIgniter->handleRequest(null, Object(Config\Cache), false)
 7 FCPATH\index.php(79): CodeIgniter\CodeIgniter->run()
 8 SYSTEMPATH\Commands\Server\rewrite.php(47): require_once('D:\\laragon\\www\\ITC311_Activity1_SimpleCRUD\\public\\index.php')
CRITICAL - 2023-09-22 05:06:26 --> syntax error, unexpected end of file
in APPPATH\Views\create.php on line 55.
 1 SYSTEMPATH\View\View.php(229): CodeIgniter\View\View->CodeIgniter\View\{closure}()
 2 SYSTEMPATH\Common.php(1188): CodeIgniter\View\View->render('create', [], true)
 3 APPPATH\Controllers\Home.php(9): view('create')
 4 SYSTEMPATH\CodeIgniter.php(919): App\Controllers\Home->index()
 5 SYSTEMPATH\CodeIgniter.php(494): CodeIgniter\CodeIgniter->runController(Object(App\Controllers\Home))
 6 SYSTEMPATH\CodeIgniter.php(353): CodeIgniter\CodeIgniter->handleRequest(null, Object(Config\Cache), false)
 7 FCPATH\index.php(79): CodeIgniter\CodeIgniter->run()
 8 SYSTEMPATH\Commands\Server\rewrite.php(47): require_once('D:\\laragon\\www\\ITC311_Activity1_SimpleCRUD\\public\\index.php')
CRITICAL - 2023-09-22 05:06:50 --> syntax error, unexpected end of file
in APPPATH\Views\create.php on line 54.
 1 SYSTEMPATH\View\View.php(229): CodeIgniter\View\View->CodeIgniter\View\{closure}()
 2 SYSTEMPATH\Common.php(1188): CodeIgniter\View\View->render('create', [], true)
 3 APPPATH\Controllers\Home.php(9): view('create')
 4 SYSTEMPATH\CodeIgniter.php(919): App\Controllers\Home->index()
 5 SYSTEMPATH\CodeIgniter.php(494): CodeIgniter\CodeIgniter->runController(Object(App\Controllers\Home))
 6 SYSTEMPATH\CodeIgniter.php(353): CodeIgniter\CodeIgniter->handleRequest(null, Object(Config\Cache), false)
 7 FCPATH\index.php(79): CodeIgniter\CodeIgniter->run()
 8 SYSTEMPATH\Commands\Server\rewrite.php(47): require_once('D:\\laragon\\www\\ITC311_Activity1_SimpleCRUD\\public\\index.php')
CRITICAL - 2023-09-22 05:08:17 --> Undefined variable $product
in APPPATH\Views\create.php on line 38.
 1 APPPATH\Views\create.php(38): CodeIgniter\Debug\Exceptions->errorHandler(2, 'Undefined variable $product', 'D:\\laragon\\www\\ITC311_Activity1_SimpleCRUD\\app\\Views\\create.php', 38)
 2 SYSTEMPATH\View\View.php(226): include('D:\\laragon\\www\\ITC311_Activity1_SimpleCRUD\\app\\Views\\create.php')
 3 SYSTEMPATH\View\View.php(229): CodeIgniter\View\View->CodeIgniter\View\{closure}()
 4 SYSTEMPATH\Common.php(1188): CodeIgniter\View\View->render('create', [], true)
 5 APPPATH\Controllers\Home.php(9): view('create')
 6 SYSTEMPATH\CodeIgniter.php(919): App\Controllers\Home->index()
 7 SYSTEMPATH\CodeIgniter.php(494): CodeIgniter\CodeIgniter->runController(Object(App\Controllers\Home))
 8 SYSTEMPATH\CodeIgniter.php(353): CodeIgniter\CodeIgniter->handleRequest(null, Object(Config\Cache), false)
 9 FCPATH\index.php(79): CodeIgniter\CodeIgniter->run()
10 SYSTEMPATH\Commands\Server\rewrite.php(47): require_once('D:\\laragon\\www\\ITC311_Activity1_SimpleCRUD\\public\\index.php')
CRITICAL - 2023-09-22 05:08:46 --> Undefined variable $product
in APPPATH\Views\create.php on line 38.
 1 APPPATH\Views\create.php(38): CodeIgniter\Debug\Exceptions->errorHandler(2, 'Undefined variable $product', 'D:\\laragon\\www\\ITC311_Activity1_SimpleCRUD\\app\\Views\\create.php', 38)
 2 SYSTEMPATH\View\View.php(226): include('D:\\laragon\\www\\ITC311_Activity1_SimpleCRUD\\app\\Views\\create.php')
 3 SYSTEMPATH\View\View.php(229): CodeIgniter\View\View->CodeIgniter\View\{closure}()
 4 SYSTEMPATH\Common.php(1188): CodeIgniter\View\View->render('create', [], true)
 5 APPPATH\Controllers\Home.php(9): view('create')
 6 SYSTEMPATH\CodeIgniter.php(919): App\Controllers\Home->index()
 7 SYSTEMPATH\CodeIgniter.php(494): CodeIgniter\CodeIgniter->runController(Object(App\Controllers\Home))
 8 SYSTEMPATH\CodeIgniter.php(353): CodeIgniter\CodeIgniter->handleRequest(null, Object(Config\Cache), false)
 9 FCPATH\index.php(79): CodeIgniter\CodeIgniter->run()
10 SYSTEMPATH\Commands\Server\rewrite.php(47): require_once('D:\\laragon\\www\\ITC311_Activity1_SimpleCRUD\\public\\index.php')
CRITICAL - 2023-09-22 05:10:03 --> Undefined variable $product
in APPPATH\Views\create.php on line 38.
 1 APPPATH\Views\create.php(38): CodeIgniter\Debug\Exceptions->errorHandler(2, 'Undefined variable $product', 'D:\\laragon\\www\\ITC311_Activity1_SimpleCRUD\\app\\Views\\create.php', 38)
 2 SYSTEMPATH\View\View.php(226): include('D:\\laragon\\www\\ITC311_Activity1_SimpleCRUD\\app\\Views\\create.php')
 3 SYSTEMPATH\View\View.php(229): CodeIgniter\View\View->CodeIgniter\View\{closure}()
 4 SYSTEMPATH\Common.php(1188): CodeIgniter\View\View->render('create', [], true)
 5 APPPATH\Controllers\Home.php(9): view('create')
 6 SYSTEMPATH\CodeIgniter.php(919): App\Controllers\Home->index()
 7 SYSTEMPATH\CodeIgniter.php(494): CodeIgniter\CodeIgniter->runController(Object(App\Controllers\Home))
 8 SYSTEMPATH\CodeIgniter.php(353): CodeIgniter\CodeIgniter->handleRequest(null, Object(Config\Cache), false)
 9 FCPATH\index.php(79): CodeIgniter\CodeIgniter->run()
10 SYSTEMPATH\Commands\Server\rewrite.php(47): require_once('D:\\laragon\\www\\ITC311_Activity1_SimpleCRUD\\public\\index.php')
CRITICAL - 2023-09-22 06:40:57 --> Undefined variable $product
in APPPATH\Views\create.php on line 38.
 1 APPPATH\Views\create.php(38): CodeIgniter\Debug\Exceptions->errorHandler(2, 'Undefined variable $product', 'D:\\laragon\\www\\ITC311_Activity1_SimpleCRUD\\app\\Views\\create.php', 38)
 2 SYSTEMPATH\View\View.php(226): include('D:\\laragon\\www\\ITC311_Activity1_SimpleCRUD\\app\\Views\\create.php')
 3 SYSTEMPATH\View\View.php(229): CodeIgniter\View\View->CodeIgniter\View\{closure}()
 4 SYSTEMPATH\Common.php(1188): CodeIgniter\View\View->render('create', [], true)
 5 APPPATH\Controllers\Home.php(9): view('create')
 6 SYSTEMPATH\CodeIgniter.php(919): App\Controllers\Home->index()
 7 SYSTEMPATH\CodeIgniter.php(494): CodeIgniter\CodeIgniter->runController(Object(App\Controllers\Home))
 8 SYSTEMPATH\CodeIgniter.php(353): CodeIgniter\CodeIgniter->handleRequest(null, Object(Config\Cache), false)
 9 FCPATH\index.php(79): CodeIgniter\CodeIgniter->run()
10 SYSTEMPATH\Commands\Server\rewrite.php(47): require_once('D:\\laragon\\www\\ITC311_Activity1_SimpleCRUD\\public\\index.php')
CRITICAL - 2023-09-22 06:41:37 --> Undefined variable $product
in APPPATH\Views\create.php on line 39.
 1 APPPATH\Views\create.php(39): CodeIgniter\Debug\Exceptions->errorHandler(2, 'Undefined variable $product', 'D:\\laragon\\www\\ITC311_Activity1_SimpleCRUD\\app\\Views\\create.php', 39)
 2 SYSTEMPATH\View\View.php(226): include('D:\\laragon\\www\\ITC311_Activity1_SimpleCRUD\\app\\Views\\create.php')
 3 SYSTEMPATH\View\View.php(229): CodeIgniter\View\View->CodeIgniter\View\{closure}()
 4 SYSTEMPATH\Common.php(1188): CodeIgniter\View\View->render('create', [], true)
 5 APPPATH\Controllers\Home.php(9): view('create')
 6 SYSTEMPATH\CodeIgniter.php(919): App\Controllers\Home->index()
 7 SYSTEMPATH\CodeIgniter.php(494): CodeIgniter\CodeIgniter->runController(Object(App\Controllers\Home))
 8 SYSTEMPATH\CodeIgniter.php(353): CodeIgniter\CodeIgniter->handleRequest(null, Object(Config\Cache), false)
 9 FCPATH\index.php(79): CodeIgniter\CodeIgniter->run()
10 SYSTEMPATH\Commands\Server\rewrite.php(47): require_once('D:\\laragon\\www\\ITC311_Activity1_SimpleCRUD\\public\\index.php')
CRITICAL - 2023-09-22 06:42:39 --> Undefined variable $product
in APPPATH\Views\create.php on line 38.
 1 APPPATH\Views\create.php(38): CodeIgniter\Debug\Exceptions->errorHandler(2, 'Undefined variable $product', 'D:\\laragon\\www\\ITC311_Activity1_SimpleCRUD\\app\\Views\\create.php', 38)
 2 SYSTEMPATH\View\View.php(226): include('D:\\laragon\\www\\ITC311_Activity1_SimpleCRUD\\app\\Views\\create.php')
 3 SYSTEMPATH\View\View.php(229): CodeIgniter\View\View->CodeIgniter\View\{closure}()
 4 SYSTEMPATH\Common.php(1188): CodeIgniter\View\View->render('create', [], true)
 5 APPPATH\Controllers\Home.php(9): view('create')
 6 SYSTEMPATH\CodeIgniter.php(919): App\Controllers\Home->index()
 7 SYSTEMPATH\CodeIgniter.php(494): CodeIgniter\CodeIgniter->runController(Object(App\Controllers\Home))
 8 SYSTEMPATH\CodeIgniter.php(353): CodeIgniter\CodeIgniter->handleRequest(null, Object(Config\Cache), false)
 9 FCPATH\index.php(79): CodeIgniter\CodeIgniter->run()
10 SYSTEMPATH\Commands\Server\rewrite.php(47): require_once('D:\\laragon\\www\\ITC311_Activity1_SimpleCRUD\\public\\index.php')
CRITICAL - 2023-09-22 06:44:58 --> syntax error, unexpected token "public"
in APPPATH\Controllers\Home.php on line 9.
 1 SYSTEMPATH\Autoloader\Autoloader.php(285): CodeIgniter\Autoloader\Autoloader->includeFile('D:\\laragon\\www\\ITC311_Activity1_SimpleCRUD\\app\\Controllers\\Home.php')
 2 SYSTEMPATH\Autoloader\Autoloader.php(263): CodeIgniter\Autoloader\Autoloader->loadInNamespace('App\\Controllers\\Home')
 3 [internal function]: CodeIgniter\Autoloader\Autoloader->loadClass('App\\Controllers\\Home')
 4 SYSTEMPATH\CodeIgniter.php(877): class_exists('\\App\\Controllers\\Home', true)
 5 SYSTEMPATH\CodeIgniter.php(481): CodeIgniter\CodeIgniter->startController()
 6 SYSTEMPATH\CodeIgniter.php(353): CodeIgniter\CodeIgniter->handleRequest(null, Object(Config\Cache), false)
 7 FCPATH\index.php(79): CodeIgniter\CodeIgniter->run()
 8 SYSTEMPATH\Commands\Server\rewrite.php(47): require_once('D:\\laragon\\www\\ITC311_Activity1_SimpleCRUD\\public\\index.php')
CRITICAL - 2023-09-22 06:45:13 --> syntax error, unexpected token "private"
in APPPATH\Controllers\Home.php on line 9.
 1 SYSTEMPATH\Autoloader\Autoloader.php(285): CodeIgniter\Autoloader\Autoloader->includeFile('D:\\laragon\\www\\ITC311_Activity1_SimpleCRUD\\app\\Controllers\\Home.php')
 2 SYSTEMPATH\Autoloader\Autoloader.php(263): CodeIgniter\Autoloader\Autoloader->loadInNamespace('App\\Controllers\\Home')
 3 [internal function]: CodeIgniter\Autoloader\Autoloader->loadClass('App\\Controllers\\Home')
 4 SYSTEMPATH\CodeIgniter.php(877): class_exists('\\App\\Controllers\\Home', true)
 5 SYSTEMPATH\CodeIgniter.php(481): CodeIgniter\CodeIgniter->startController()
 6 SYSTEMPATH\CodeIgniter.php(353): CodeIgniter\CodeIgniter->handleRequest(null, Object(Config\Cache), false)
 7 FCPATH\index.php(79): CodeIgniter\CodeIgniter->run()
 8 SYSTEMPATH\Commands\Server\rewrite.php(47): require_once('D:\\laragon\\www\\ITC311_Activity1_SimpleCRUD\\public\\index.php')
CRITICAL - 2023-09-22 06:45:27 --> Undefined variable $product
in APPPATH\Views\create.php on line 38.
 1 APPPATH\Views\create.php(38): CodeIgniter\Debug\Exceptions->errorHandler(2, 'Undefined variable $product', 'D:\\laragon\\www\\ITC311_Activity1_SimpleCRUD\\app\\Views\\create.php', 38)
 2 SYSTEMPATH\View\View.php(226): include('D:\\laragon\\www\\ITC311_Activity1_SimpleCRUD\\app\\Views\\create.php')
 3 SYSTEMPATH\View\View.php(229): CodeIgniter\View\View->CodeIgniter\View\{closure}()
 4 SYSTEMPATH\Common.php(1188): CodeIgniter\View\View->render('create', [], true)
 5 APPPATH\Controllers\Home.php(10): view('create')
 6 SYSTEMPATH\CodeIgniter.php(919): App\Controllers\Home->index()
 7 SYSTEMPATH\CodeIgniter.php(494): CodeIgniter\CodeIgniter->runController(Object(App\Controllers\Home))
 8 SYSTEMPATH\CodeIgniter.php(353): CodeIgniter\CodeIgniter->handleRequest(null, Object(Config\Cache), false)
 9 FCPATH\index.php(79): CodeIgniter\CodeIgniter->run()
10 SYSTEMPATH\Commands\Server\rewrite.php(47): require_once('D:\\laragon\\www\\ITC311_Activity1_SimpleCRUD\\public\\index.php')
CRITICAL - 2023-09-22 06:47:02 --> Undefined variable $product
in APPPATH\Views\create.php on line 38.
 1 APPPATH\Views\create.php(38): CodeIgniter\Debug\Exceptions->errorHandler(2, 'Undefined variable $product', 'D:\\laragon\\www\\ITC311_Activity1_SimpleCRUD\\app\\Views\\create.php', 38)
 2 SYSTEMPATH\View\View.php(226): include('D:\\laragon\\www\\ITC311_Activity1_SimpleCRUD\\app\\Views\\create.php')
 3 SYSTEMPATH\View\View.php(229): CodeIgniter\View\View->CodeIgniter\View\{closure}()
 4 SYSTEMPATH\Common.php(1188): CodeIgniter\View\View->render('create', [], true)
 5 APPPATH\Controllers\Home.php(9): view('create')
 6 SYSTEMPATH\CodeIgniter.php(919): App\Controllers\Home->index()
 7 SYSTEMPATH\CodeIgniter.php(494): CodeIgniter\CodeIgniter->runController(Object(App\Controllers\Home))
 8 SYSTEMPATH\CodeIgniter.php(353): CodeIgniter\CodeIgniter->handleRequest(null, Object(Config\Cache), false)
 9 FCPATH\index.php(79): CodeIgniter\CodeIgniter->run()
10 SYSTEMPATH\Commands\Server\rewrite.php(47): require_once('D:\\laragon\\www\\ITC311_Activity1_SimpleCRUD\\public\\index.php')
CRITICAL - 2023-09-22 06:47:45 --> Undefined variable $product
in APPPATH\Views\create.php on line 38.
 1 APPPATH\Views\create.php(38): CodeIgniter\Debug\Exceptions->errorHandler(2, 'Undefined variable $product', 'D:\\laragon\\www\\ITC311_Activity1_SimpleCRUD\\app\\Views\\create.php', 38)
 2 SYSTEMPATH\View\View.php(226): include('D:\\laragon\\www\\ITC311_Activity1_SimpleCRUD\\app\\Views\\create.php')
 3 SYSTEMPATH\View\View.php(229): CodeIgniter\View\View->CodeIgniter\View\{closure}()
 4 SYSTEMPATH\Common.php(1188): CodeIgniter\View\View->render('create', [], true)
 5 APPPATH\Controllers\Home.php(11): view('create')
 6 SYSTEMPATH\CodeIgniter.php(919): App\Controllers\Home->index()
 7 SYSTEMPATH\CodeIgniter.php(494): CodeIgniter\CodeIgniter->runController(Object(App\Controllers\Home))
 8 SYSTEMPATH\CodeIgniter.php(353): CodeIgniter\CodeIgniter->handleRequest(null, Object(Config\Cache), false)
 9 FCPATH\index.php(79): CodeIgniter\CodeIgniter->run()
10 SYSTEMPATH\Commands\Server\rewrite.php(47): require_once('D:\\laragon\\www\\ITC311_Activity1_SimpleCRUD\\public\\index.php')
CRITICAL - 2023-09-22 06:49:54 --> Undefined variable $product
in APPPATH\Views\create.php on line 38.
 1 APPPATH\Views\create.php(38): CodeIgniter\Debug\Exceptions->errorHandler(2, 'Undefined variable $product', 'D:\\laragon\\www\\ITC311_Activity1_SimpleCRUD\\app\\Views\\create.php', 38)
 2 SYSTEMPATH\View\View.php(226): include('D:\\laragon\\www\\ITC311_Activity1_SimpleCRUD\\app\\Views\\create.php')
 3 SYSTEMPATH\View\View.php(229): CodeIgniter\View\View->CodeIgniter\View\{closure}()
 4 SYSTEMPATH\Common.php(1188): CodeIgniter\View\View->render('create', [], true)
 5 APPPATH\Controllers\Home.php(11): view('create')
 6 SYSTEMPATH\CodeIgniter.php(919): App\Controllers\Home->index()
 7 SYSTEMPATH\CodeIgniter.php(494): CodeIgniter\CodeIgniter->runController(Object(App\Controllers\Home))
 8 SYSTEMPATH\CodeIgniter.php(353): CodeIgniter\CodeIgniter->handleRequest(null, Object(Config\Cache), false)
 9 FCPATH\index.php(79): CodeIgniter\CodeIgniter->run()
10 SYSTEMPATH\Commands\Server\rewrite.php(47): require_once('D:\\laragon\\www\\ITC311_Activity1_SimpleCRUD\\public\\index.php')
CRITICAL - 2023-09-22 06:50:25 --> Undefined variable $product
in APPPATH\Views\create.php on line 38.
 1 APPPATH\Views\create.php(38): CodeIgniter\Debug\Exceptions->errorHandler(2, 'Undefined variable $product', 'D:\\laragon\\www\\ITC311_Activity1_SimpleCRUD\\app\\Views\\create.php', 38)
 2 SYSTEMPATH\View\View.php(226): include('D:\\laragon\\www\\ITC311_Activity1_SimpleCRUD\\app\\Views\\create.php')
 3 SYSTEMPATH\View\View.php(229): CodeIgniter\View\View->CodeIgniter\View\{closure}()
 4 SYSTEMPATH\Common.php(1188): CodeIgniter\View\View->render('create', [], true)
 5 APPPATH\Controllers\Home.php(12): view('create')
 6 SYSTEMPATH\CodeIgniter.php(919): App\Controllers\Home->index()
 7 SYSTEMPATH\CodeIgniter.php(494): CodeIgniter\CodeIgniter->runController(Object(App\Controllers\Home))
 8 SYSTEMPATH\CodeIgniter.php(353): CodeIgniter\CodeIgniter->handleRequest(null, Object(Config\Cache), false)
 9 FCPATH\index.php(79): CodeIgniter\CodeIgniter->run()
10 SYSTEMPATH\Commands\Server\rewrite.php(47): require_once('D:\\laragon\\www\\ITC311_Activity1_SimpleCRUD\\public\\index.php')
CRITICAL - 2023-09-22 06:56:59 --> Undefined variable $product
in APPPATH\Views\create.php on line 38.
 1 APPPATH\Views\create.php(38): CodeIgniter\Debug\Exceptions->errorHandler(2, 'Undefined variable $product', 'D:\\laragon\\www\\ITC311_Activity1_SimpleCRUD\\app\\Views\\create.php', 38)
 2 SYSTEMPATH\View\View.php(226): include('D:\\laragon\\www\\ITC311_Activity1_SimpleCRUD\\app\\Views\\create.php')
 3 SYSTEMPATH\View\View.php(229): CodeIgniter\View\View->CodeIgniter\View\{closure}()
 4 SYSTEMPATH\Common.php(1188): CodeIgniter\View\View->render('create', [], true)
 5 APPPATH\Controllers\Home.php(12): view('create')
 6 SYSTEMPATH\CodeIgniter.php(919): App\Controllers\Home->index()
 7 SYSTEMPATH\CodeIgniter.php(494): CodeIgniter\CodeIgniter->runController(Object(App\Controllers\Home))
 8 SYSTEMPATH\CodeIgniter.php(353): CodeIgniter\CodeIgniter->handleRequest(null, Object(Config\Cache), false)
 9 FCPATH\index.php(79): CodeIgniter\CodeIgniter->run()
10 SYSTEMPATH\Commands\Server\rewrite.php(47): require_once('D:\\laragon\\www\\ITC311_Activity1_SimpleCRUD\\public\\index.php')
CRITICAL - 2023-09-22 07:11:17 --> Undefined variable $product
in APPPATH\Views\create.php on line 38.
 1 APPPATH\Views\create.php(38): CodeIgniter\Debug\Exceptions->errorHandler(2, 'Undefined variable $product', 'D:\\laragon\\www\\ITC311_Activity1_SimpleCRUD\\app\\Views\\create.php', 38)
 2 SYSTEMPATH\View\View.php(226): include('D:\\laragon\\www\\ITC311_Activity1_SimpleCRUD\\app\\Views\\create.php')
 3 SYSTEMPATH\View\View.php(229): CodeIgniter\View\View->CodeIgniter\View\{closure}()
 4 SYSTEMPATH\Common.php(1188): CodeIgniter\View\View->render('create', [], true)
 5 APPPATH\Controllers\Home.php(12): view('create')
 6 SYSTEMPATH\CodeIgniter.php(919): App\Controllers\Home->index()
 7 SYSTEMPATH\CodeIgniter.php(494): CodeIgniter\CodeIgniter->runController(Object(App\Controllers\Home))
 8 SYSTEMPATH\CodeIgniter.php(353): CodeIgniter\CodeIgniter->handleRequest(null, Object(Config\Cache), false)
 9 FCPATH\index.php(79): CodeIgniter\CodeIgniter->run()
10 SYSTEMPATH\Commands\Server\rewrite.php(47): require_once('D:\\laragon\\www\\ITC311_Activity1_SimpleCRUD\\public\\index.php')
CRITICAL - 2023-09-22 09:33:37 --> Undefined variable $categories
in APPPATH\Views\products.php on line 16.
 1 APPPATH\Views\products.php(16): CodeIgniter\Debug\Exceptions->errorHandler(2, 'Undefined variable $categories', 'D:\\laragon\\www\\ITC311_Activity1_SimpleCRUD\\app\\Views\\products.php', 16)
 2 SYSTEMPATH\View\View.php(226): include('D:\\laragon\\www\\ITC311_Activity1_SimpleCRUD\\app\\Views\\products.php')
 3 SYSTEMPATH\View\View.php(229): CodeIgniter\View\View->CodeIgniter\View\{closure}()
 4 SYSTEMPATH\Common.php(1188): CodeIgniter\View\View->render('products', [], true)
 5 APPPATH\Controllers\ProductController.php(20): view('products', [...])
 6 SYSTEMPATH\CodeIgniter.php(919): App\Controllers\ProductController->index()
 7 SYSTEMPATH\CodeIgniter.php(494): CodeIgniter\CodeIgniter->runController(Object(App\Controllers\ProductController))
 8 SYSTEMPATH\CodeIgniter.php(353): CodeIgniter\CodeIgniter->handleRequest(null, Object(Config\Cache), false)
 9 FCPATH\index.php(79): CodeIgniter\CodeIgniter->run()
10 SYSTEMPATH\Commands\Server\rewrite.php(47): require_once('D:\\laragon\\www\\ITC311_Activity1_SimpleCRUD\\public\\index.php')
CRITICAL - 2023-09-22 09:34:33 --> Undefined variable $categories
in APPPATH\Views\products.php on line 16.
 1 APPPATH\Views\products.php(16): CodeIgniter\Debug\Exceptions->errorHandler(2, 'Undefined variable $categories', 'D:\\laragon\\www\\ITC311_Activity1_SimpleCRUD\\app\\Views\\products.php', 16)
 2 SYSTEMPATH\View\View.php(226): include('D:\\laragon\\www\\ITC311_Activity1_SimpleCRUD\\app\\Views\\products.php')
 3 SYSTEMPATH\View\View.php(229): CodeIgniter\View\View->CodeIgniter\View\{closure}()
 4 SYSTEMPATH\Common.php(1188): CodeIgniter\View\View->render('products', [], true)
 5 APPPATH\Controllers\ProductController.php(21): view('products', [...])
 6 SYSTEMPATH\CodeIgniter.php(919): App\Controllers\ProductController->index()
 7 SYSTEMPATH\CodeIgniter.php(494): CodeIgniter\CodeIgniter->runController(Object(App\Controllers\ProductController))
 8 SYSTEMPATH\CodeIgniter.php(353): CodeIgniter\CodeIgniter->handleRequest(null, Object(Config\Cache), false)
 9 FCPATH\index.php(79): CodeIgniter\CodeIgniter->run()
10 SYSTEMPATH\Commands\Server\rewrite.php(47): require_once('D:\\laragon\\www\\ITC311_Activity1_SimpleCRUD\\public\\index.php')
CRITICAL - 2023-09-22 09:34:46 --> Undefined variable $categories
in APPPATH\Views\products.php on line 16.
 1 APPPATH\Views\products.php(16): CodeIgniter\Debug\Exceptions->errorHandler(2, 'Undefined variable $categories', 'D:\\laragon\\www\\ITC311_Activity1_SimpleCRUD\\app\\Views\\products.php', 16)
 2 SYSTEMPATH\View\View.php(226): include('D:\\laragon\\www\\ITC311_Activity1_SimpleCRUD\\app\\Views\\products.php')
 3 SYSTEMPATH\View\View.php(229): CodeIgniter\View\View->CodeIgniter\View\{closure}()
 4 SYSTEMPATH\Common.php(1188): CodeIgniter\View\View->render('products', [], true)
 5 APPPATH\Controllers\ProductController.php(21): view('products', [...])
 6 SYSTEMPATH\CodeIgniter.php(919): App\Controllers\ProductController->index()
 7 SYSTEMPATH\CodeIgniter.php(494): CodeIgniter\CodeIgniter->runController(Object(App\Controllers\ProductController))
 8 SYSTEMPATH\CodeIgniter.php(353): CodeIgniter\CodeIgniter->handleRequest(null, Object(Config\Cache), false)
 9 FCPATH\index.php(79): CodeIgniter\CodeIgniter->run()
10 SYSTEMPATH\Commands\Server\rewrite.php(47): require_once('D:\\laragon\\www\\ITC311_Activity1_SimpleCRUD\\public\\index.php')
CRITICAL - 2023-09-22 09:37:49 --> Undefined variable $categories
in APPPATH\Views\products.php on line 16.
 1 APPPATH\Views\products.php(16): CodeIgniter\Debug\Exceptions->errorHandler(2, 'Undefined variable $categories', 'D:\\laragon\\www\\ITC311_Activity1_SimpleCRUD\\app\\Views\\products.php', 16)
 2 SYSTEMPATH\View\View.php(226): include('D:\\laragon\\www\\ITC311_Activity1_SimpleCRUD\\app\\Views\\products.php')
 3 SYSTEMPATH\View\View.php(229): CodeIgniter\View\View->CodeIgniter\View\{closure}()
 4 SYSTEMPATH\Common.php(1188): CodeIgniter\View\View->render('products', [], true)
 5 APPPATH\Controllers\ProductController.php(21): view('products', [...])
 6 SYSTEMPATH\CodeIgniter.php(919): App\Controllers\ProductController->index()
 7 SYSTEMPATH\CodeIgniter.php(494): CodeIgniter\CodeIgniter->runController(Object(App\Controllers\ProductController))
 8 SYSTEMPATH\CodeIgniter.php(353): CodeIgniter\CodeIgniter->handleRequest(null, Object(Config\Cache), false)
 9 FCPATH\index.php(79): CodeIgniter\CodeIgniter->run()
10 SYSTEMPATH\Commands\Server\rewrite.php(47): require_once('D:\\laragon\\www\\ITC311_Activity1_SimpleCRUD\\public\\index.php')
CRITICAL - 2023-09-22 09:39:36 --> Undefined variable $categories
in APPPATH\Views\products.php on line 16.
 1 APPPATH\Views\products.php(16): CodeIgniter\Debug\Exceptions->errorHandler(2, 'Undefined variable $categories', 'D:\\laragon\\www\\ITC311_Activity1_SimpleCRUD\\app\\Views\\products.php', 16)
 2 SYSTEMPATH\View\View.php(226): include('D:\\laragon\\www\\ITC311_Activity1_SimpleCRUD\\app\\Views\\products.php')
 3 SYSTEMPATH\View\View.php(229): CodeIgniter\View\View->CodeIgniter\View\{closure}()
 4 SYSTEMPATH\Common.php(1188): CodeIgniter\View\View->render('products', [], true)
 5 APPPATH\Controllers\ProductController.php(21): view('products', [...])
 6 SYSTEMPATH\CodeIgniter.php(919): App\Controllers\ProductController->index()
 7 SYSTEMPATH\CodeIgniter.php(494): CodeIgniter\CodeIgniter->runController(Object(App\Controllers\ProductController))
 8 SYSTEMPATH\CodeIgniter.php(353): CodeIgniter\CodeIgniter->handleRequest(null, Object(Config\Cache), false)
 9 FCPATH\index.php(79): CodeIgniter\CodeIgniter->run()
10 SYSTEMPATH\Commands\Server\rewrite.php(47): require_once('D:\\laragon\\www\\ITC311_Activity1_SimpleCRUD\\public\\index.php')
CRITICAL - 2023-09-22 09:51:27 --> Undefined variable $categories
in APPPATH\Views\products.php on line 16.
 1 APPPATH\Views\products.php(16): CodeIgniter\Debug\Exceptions->errorHandler(2, 'Undefined variable $categories', 'D:\\laragon\\www\\ITC311_Activity1_SimpleCRUD\\app\\Views\\products.php', 16)
 2 SYSTEMPATH\View\View.php(226): include('D:\\laragon\\www\\ITC311_Activity1_SimpleCRUD\\app\\Views\\products.php')
 3 SYSTEMPATH\View\View.php(229): CodeIgniter\View\View->CodeIgniter\View\{closure}()
 4 SYSTEMPATH\Common.php(1188): CodeIgniter\View\View->render('products', [], true)
 5 APPPATH\Controllers\ProductController.php(19): view('products', [...])
 6 SYSTEMPATH\CodeIgniter.php(919): App\Controllers\ProductController->index()
 7 SYSTEMPATH\CodeIgniter.php(494): CodeIgniter\CodeIgniter->runController(Object(App\Controllers\ProductController))
 8 SYSTEMPATH\CodeIgniter.php(353): CodeIgniter\CodeIgniter->handleRequest(null, Object(Config\Cache), false)
 9 FCPATH\index.php(79): CodeIgniter\CodeIgniter->run()
10 SYSTEMPATH\Commands\Server\rewrite.php(47): require_once('D:\\laragon\\www\\ITC311_Activity1_SimpleCRUD\\public\\index.php')
CRITICAL - 2023-09-22 09:53:41 --> Undefined variable $categories
in APPPATH\Views\products.php on line 16.
 1 APPPATH\Views\products.php(16): CodeIgniter\Debug\Exceptions->errorHandler(2, 'Undefined variable $categories', 'D:\\laragon\\www\\ITC311_Activity1_SimpleCRUD\\app\\Views\\products.php', 16)
 2 SYSTEMPATH\View\View.php(226): include('D:\\laragon\\www\\ITC311_Activity1_SimpleCRUD\\app\\Views\\products.php')
 3 SYSTEMPATH\View\View.php(229): CodeIgniter\View\View->CodeIgniter\View\{closure}()
 4 SYSTEMPATH\Common.php(1188): CodeIgniter\View\View->render('products', [], true)
 5 APPPATH\Controllers\ProductController.php(19): view('products', [...])
 6 SYSTEMPATH\CodeIgniter.php(919): App\Controllers\ProductController->index()
 7 SYSTEMPATH\CodeIgniter.php(494): CodeIgniter\CodeIgniter->runController(Object(App\Controllers\ProductController))
 8 SYSTEMPATH\CodeIgniter.php(353): CodeIgniter\CodeIgniter->handleRequest(null, Object(Config\Cache), false)
 9 FCPATH\index.php(79): CodeIgniter\CodeIgniter->run()
10 SYSTEMPATH\Commands\Server\rewrite.php(47): require_once('D:\\laragon\\www\\ITC311_Activity1_SimpleCRUD\\public\\index.php')
CRITICAL - 2023-09-22 10:02:07 --> Undefined variable $categories
in APPPATH\Views\products.php on line 15.
 1 APPPATH\Views\products.php(15): CodeIgniter\Debug\Exceptions->errorHandler(2, 'Undefined variable $categories', 'D:\\laragon\\www\\ITC311_Activity1_SimpleCRUD\\app\\Views\\products.php', 15)
 2 SYSTEMPATH\View\View.php(226): include('D:\\laragon\\www\\ITC311_Activity1_SimpleCRUD\\app\\Views\\products.php')
 3 SYSTEMPATH\View\View.php(229): CodeIgniter\View\View->CodeIgniter\View\{closure}()
 4 SYSTEMPATH\Common.php(1188): CodeIgniter\View\View->render('products', [], true)
 5 APPPATH\Controllers\ProductController.php(19): view('products', [...])
 6 SYSTEMPATH\CodeIgniter.php(919): App\Controllers\ProductController->index()
 7 SYSTEMPATH\CodeIgniter.php(494): CodeIgniter\CodeIgniter->runController(Object(App\Controllers\ProductController))
 8 SYSTEMPATH\CodeIgniter.php(353): CodeIgniter\CodeIgniter->handleRequest(null, Object(Config\Cache), false)
 9 FCPATH\index.php(79): CodeIgniter\CodeIgniter->run()
10 SYSTEMPATH\Commands\Server\rewrite.php(47): require_once('D:\\laragon\\www\\ITC311_Activity1_SimpleCRUD\\public\\index.php')
CRITICAL - 2023-09-22 10:34:42 --> syntax error, unexpected token ",", expecting "]"
in APPPATH\Controllers\ProductController.php on line 22.
 1 SYSTEMPATH\Autoloader\Autoloader.php(285): CodeIgniter\Autoloader\Autoloader->includeFile('D:\\laragon\\www\\ITC311_Activity1_SimpleCRUD\\app\\Controllers\\ProductController.php')
 2 SYSTEMPATH\Autoloader\Autoloader.php(263): CodeIgniter\Autoloader\Autoloader->loadInNamespace('App\\Controllers\\ProductController')
 3 [internal function]: CodeIgniter\Autoloader\Autoloader->loadClass('App\\Controllers\\ProductController')
 4 SYSTEMPATH\CodeIgniter.php(877): class_exists('\\App\\Controllers\\ProductController', true)
 5 SYSTEMPATH\CodeIgniter.php(481): CodeIgniter\CodeIgniter->startController()
 6 SYSTEMPATH\CodeIgniter.php(353): CodeIgniter\CodeIgniter->handleRequest(null, Object(Config\Cache), false)
 7 FCPATH\index.php(79): CodeIgniter\CodeIgniter->run()
 8 SYSTEMPATH\Commands\Server\rewrite.php(47): require_once('D:\\laragon\\www\\ITC311_Activity1_SimpleCRUD\\public\\index.php')
CRITICAL - 2023-09-22 10:36:16 --> Undefined property: App\Controllers\ProductController::$category
in APPPATH\Controllers\ProductController.php on line 23.
 1 APPPATH\Controllers\ProductController.php(23): CodeIgniter\Debug\Exceptions->errorHandler(2, 'Undefined property: App\\Controllers\\ProductController::$category', 'D:\\laragon\\www\\ITC311_Activity1_SimpleCRUD\\app\\Controllers\\ProductController.php', 23)
 2 SYSTEMPATH\CodeIgniter.php(919): App\Controllers\ProductController->index()
 3 SYSTEMPATH\CodeIgniter.php(494): CodeIgniter\CodeIgniter->runController(Object(App\Controllers\ProductController))
 4 SYSTEMPATH\CodeIgniter.php(353): CodeIgniter\CodeIgniter->handleRequest(null, Object(Config\Cache), false)
 5 FCPATH\index.php(79): CodeIgniter\CodeIgniter->run()
 6 SYSTEMPATH\Commands\Server\rewrite.php(47): require_once('D:\\laragon\\www\\ITC311_Activity1_SimpleCRUD\\public\\index.php')
CRITICAL - 2023-09-22 10:36:53 --> Call to a member function findAll() on null
in APPPATH\Controllers\ProductController.php on line 23.
 1 SYSTEMPATH\CodeIgniter.php(919): App\Controllers\ProductController->index()
 2 SYSTEMPATH\CodeIgniter.php(494): CodeIgniter\CodeIgniter->runController(Object(App\Controllers\ProductController))
 3 SYSTEMPATH\CodeIgniter.php(353): CodeIgniter\CodeIgniter->handleRequest(null, Object(Config\Cache), false)
 4 FCPATH\index.php(79): CodeIgniter\CodeIgniter->run()
 5 SYSTEMPATH\Commands\Server\rewrite.php(47): require_once('D:\\laragon\\www\\ITC311_Activity1_SimpleCRUD\\public\\index.php')
CRITICAL - 2023-09-22 10:37:12 --> Call to a member function findAll() on string
in APPPATH\Controllers\ProductController.php on line 23.
 1 SYSTEMPATH\CodeIgniter.php(919): App\Controllers\ProductController->index()
 2 SYSTEMPATH\CodeIgniter.php(494): CodeIgniter\CodeIgniter->runController(Object(App\Controllers\ProductController))
 3 SYSTEMPATH\CodeIgniter.php(353): CodeIgniter\CodeIgniter->handleRequest(null, Object(Config\Cache), false)
 4 FCPATH\index.php(79): CodeIgniter\CodeIgniter->run()
 5 SYSTEMPATH\Commands\Server\rewrite.php(47): require_once('D:\\laragon\\www\\ITC311_Activity1_SimpleCRUD\\public\\index.php')
CRITICAL - 2023-09-22 10:42:03 --> Undefined variable $prod
in APPPATH\Views\products.php on line 200.
 1 APPPATH\Views\products.php(200): CodeIgniter\Debug\Exceptions->errorHandler(2, 'Undefined variable $prod', 'D:\\laragon\\www\\ITC311_Activity1_SimpleCRUD\\app\\Views\\products.php', 200)
 2 SYSTEMPATH\View\View.php(226): include('D:\\laragon\\www\\ITC311_Activity1_SimpleCRUD\\app\\Views\\products.php')
 3 SYSTEMPATH\View\View.php(229): CodeIgniter\View\View->CodeIgniter\View\{closure}()
 4 SYSTEMPATH\Common.php(1188): CodeIgniter\View\View->render('products', [], true)
 5 APPPATH\Controllers\ProductController.php(25): view('products', [...])
 6 SYSTEMPATH\CodeIgniter.php(919): App\Controllers\ProductController->index()
 7 SYSTEMPATH\CodeIgniter.php(494): CodeIgniter\CodeIgniter->runController(Object(App\Controllers\ProductController))
 8 SYSTEMPATH\CodeIgniter.php(353): CodeIgniter\CodeIgniter->handleRequest(null, Object(Config\Cache), false)
 9 FCPATH\index.php(79): CodeIgniter\CodeIgniter->run()
10 SYSTEMPATH\Commands\Server\rewrite.php(47): require_once('D:\\laragon\\www\\ITC311_Activity1_SimpleCRUD\\public\\index.php')
CRITICAL - 2023-09-22 10:42:35 --> Undefined variable $product
in APPPATH\Views\products.php on line 206.
 1 APPPATH\Views\products.php(206): CodeIgniter\Debug\Exceptions->errorHandler(2, 'Undefined variable $product', 'D:\\laragon\\www\\ITC311_Activity1_SimpleCRUD\\app\\Views\\products.php', 206)
 2 SYSTEMPATH\View\View.php(226): include('D:\\laragon\\www\\ITC311_Activity1_SimpleCRUD\\app\\Views\\products.php')
 3 SYSTEMPATH\View\View.php(229): CodeIgniter\View\View->CodeIgniter\View\{closure}()
 4 SYSTEMPATH\Common.php(1188): CodeIgniter\View\View->render('products', [], true)
 5 APPPATH\Controllers\ProductController.php(25): view('products', [...])
 6 SYSTEMPATH\CodeIgniter.php(919): App\Controllers\ProductController->index()
 7 SYSTEMPATH\CodeIgniter.php(494): CodeIgniter\CodeIgniter->runController(Object(App\Controllers\ProductController))
 8 SYSTEMPATH\CodeIgniter.php(353): CodeIgniter\CodeIgniter->handleRequest(null, Object(Config\Cache), false)
 9 FCPATH\index.php(79): CodeIgniter\CodeIgniter->run()
10 SYSTEMPATH\Commands\Server\rewrite.php(47): require_once('D:\\laragon\\www\\ITC311_Activity1_SimpleCRUD\\public\\index.php')
CRITICAL - 2023-09-22 10:42:54 --> Undefined array key "product_id"
in APPPATH\Views\products.php on line 206.
 1 APPPATH\Views\products.php(206): CodeIgniter\Debug\Exceptions->errorHandler(2, 'Undefined array key "product_id"', 'D:\\laragon\\www\\ITC311_Activity1_SimpleCRUD\\app\\Views\\products.php', 206)
 2 SYSTEMPATH\View\View.php(226): include('D:\\laragon\\www\\ITC311_Activity1_SimpleCRUD\\app\\Views\\products.php')
 3 SYSTEMPATH\View\View.php(229): CodeIgniter\View\View->CodeIgniter\View\{closure}()
 4 SYSTEMPATH\Common.php(1188): CodeIgniter\View\View->render('products', [], true)
 5 APPPATH\Controllers\ProductController.php(25): view('products', [...])
 6 SYSTEMPATH\CodeIgniter.php(919): App\Controllers\ProductController->index()
 7 SYSTEMPATH\CodeIgniter.php(494): CodeIgniter\CodeIgniter->runController(Object(App\Controllers\ProductController))
 8 SYSTEMPATH\CodeIgniter.php(353): CodeIgniter\CodeIgniter->handleRequest(null, Object(Config\Cache), false)
 9 FCPATH\index.php(79): CodeIgniter\CodeIgniter->run()
10 SYSTEMPATH\Commands\Server\rewrite.php(47): require_once('D:\\laragon\\www\\ITC311_Activity1_SimpleCRUD\\public\\index.php')
ERROR - 2023-09-22 10:47:01 --> mysqli_sql_exception: Column 'ProductCategory' cannot be null in D:\laragon\www\ITC311_Activity1_SimpleCRUD\system\Database\MySQLi\Connection.php:306
Stack trace:
#0 D:\laragon\www\ITC311_Activity1_SimpleCRUD\system\Database\MySQLi\Connection.php(306): mysqli->query('INSERT INTO `ta...', 0)
#1 D:\laragon\www\ITC311_Activity1_SimpleCRUD\system\Database\BaseConnection.php(692): CodeIgniter\Database\MySQLi\Connection->execute('INSERT INTO `ta...')
#2 D:\laragon\www\ITC311_Activity1_SimpleCRUD\system\Database\BaseConnection.php(606): CodeIgniter\Database\BaseConnection->simpleQuery('INSERT INTO `ta...')
#3 D:\laragon\www\ITC311_Activity1_SimpleCRUD\system\Database\BaseBuilder.php(2308): CodeIgniter\Database\BaseConnection->query('INSERT INTO `ta...', Array, false)
#4 D:\laragon\www\ITC311_Activity1_SimpleCRUD\system\Model.php(319): CodeIgniter\Database\BaseBuilder->insert()
#5 D:\laragon\www\ITC311_Activity1_SimpleCRUD\system\BaseModel.php(788): CodeIgniter\Model->doInsert(Array)
#6 D:\laragon\www\ITC311_Activity1_SimpleCRUD\system\Model.php(715): CodeIgniter\BaseModel->insert(Array, true)
#7 D:\laragon\www\ITC311_Activity1_SimpleCRUD\app\Controllers\ProductController.php(39): CodeIgniter\Model->insert(Array)
#8 D:\laragon\www\ITC311_Activity1_SimpleCRUD\system\CodeIgniter.php(919): App\Controllers\ProductController->store()
#9 D:\laragon\www\ITC311_Activity1_SimpleCRUD\system\CodeIgniter.php(494): CodeIgniter\CodeIgniter->runController(Object(App\Controllers\ProductController))
#10 D:\laragon\www\ITC311_Activity1_SimpleCRUD\system\CodeIgniter.php(353): CodeIgniter\CodeIgniter->handleRequest(NULL, Object(Config\Cache), false)
#11 D:\laragon\www\ITC311_Activity1_SimpleCRUD\public\index.php(79): CodeIgniter\CodeIgniter->run()
#12 D:\laragon\www\ITC311_Activity1_SimpleCRUD\system\Commands\Server\rewrite.php(47): require_once('D:\\laragon\\www\\...')
#13 {main}
CRITICAL - 2023-09-22 10:47:01 --> Column 'ProductCategory' cannot be null
in SYSTEMPATH\Database\BaseConnection.php on line 646.
 1 SYSTEMPATH\Database\BaseBuilder.php(2308): CodeIgniter\Database\BaseConnection->query('INSERT INTO `table_products` (`ProductName`, `ProductDescription`, `ProductCategory`, `ProductQuantity`, `ProductPrice`) VALUES (:ProductName:, :ProductDescription:, :ProductCategory:, :ProductQuantity:, :ProductPrice:)', [...], false)
 2 SYSTEMPATH\Model.php(319): CodeIgniter\Database\BaseBuilder->insert()
 3 SYSTEMPATH\BaseModel.php(788): CodeIgniter\Model->doInsert([...])
 4 SYSTEMPATH\Model.php(715): CodeIgniter\BaseModel->insert([...], true)
 5 APPPATH\Controllers\ProductController.php(39): CodeIgniter\Model->insert([...])
 6 SYSTEMPATH\CodeIgniter.php(919): App\Controllers\ProductController->store()
 7 SYSTEMPATH\CodeIgniter.php(494): CodeIgniter\CodeIgniter->runController(Object(App\Controllers\ProductController))
 8 SYSTEMPATH\CodeIgniter.php(353): CodeIgniter\CodeIgniter->handleRequest(null, Object(Config\Cache), false)
 9 FCPATH\index.php(79): CodeIgniter\CodeIgniter->run()
10 SYSTEMPATH\Commands\Server\rewrite.php(47): require_once('D:\\laragon\\www\\ITC311_Activity1_SimpleCRUD\\public\\index.php')
CRITICAL - 2023-09-22 11:05:00 --> Cannot redeclare App\Controllers\ProductController::edit()
in APPPATH\Controllers\ProductController.php on line 53.
 1 [internal function]: CodeIgniter\Debug\Exceptions->shutdownHandler()
CRITICAL - 2023-09-22 11:11:35 --> Undefined variable $pro
in APPPATH\Views\products.php on line 276.
 1 APPPATH\Views\products.php(276): CodeIgniter\Debug\Exceptions->errorHandler(2, 'Undefined variable $pro', 'D:\\laragon\\www\\ITC311_Activity1_SimpleCRUD\\app\\Views\\products.php', 276)
 2 SYSTEMPATH\View\View.php(226): include('D:\\laragon\\www\\ITC311_Activity1_SimpleCRUD\\app\\Views\\products.php')
 3 SYSTEMPATH\View\View.php(229): CodeIgniter\View\View->CodeIgniter\View\{closure}()
 4 SYSTEMPATH\Common.php(1188): CodeIgniter\View\View->render('products', [], true)
 5 APPPATH\Controllers\ProductController.php(25): view('products', [...])
 6 SYSTEMPATH\CodeIgniter.php(919): App\Controllers\ProductController->index()
 7 SYSTEMPATH\CodeIgniter.php(494): CodeIgniter\CodeIgniter->runController(Object(App\Controllers\ProductController))
 8 SYSTEMPATH\CodeIgniter.php(353): CodeIgniter\CodeIgniter->handleRequest(null, Object(Config\Cache), false)
 9 FCPATH\index.php(79): CodeIgniter\CodeIgniter->run()
10 SYSTEMPATH\Commands\Server\rewrite.php(47): require_once('D:\\laragon\\www\\ITC311_Activity1_SimpleCRUD\\public\\index.php')
CRITICAL - 2023-09-22 11:22:45 --> syntax error, unexpected token "<"
in APPPATH\Views\products.php on line 306.
 1 SYSTEMPATH\View\View.php(229): CodeIgniter\View\View->CodeIgniter\View\{closure}()
 2 SYSTEMPATH\Common.php(1188): CodeIgniter\View\View->render('products', [], true)
 3 APPPATH\Controllers\ProductController.php(25): view('products', [...])
 4 SYSTEMPATH\CodeIgniter.php(919): App\Controllers\ProductController->index()
 5 SYSTEMPATH\CodeIgniter.php(494): CodeIgniter\CodeIgniter->runController(Object(App\Controllers\ProductController))
 6 SYSTEMPATH\CodeIgniter.php(353): CodeIgniter\CodeIgniter->handleRequest(null, Object(Config\Cache), false)
 7 FCPATH\index.php(79): CodeIgniter\CodeIgniter->run()
 8 SYSTEMPATH\Commands\Server\rewrite.php(47): require_once('D:\\laragon\\www\\ITC311_Activity1_SimpleCRUD\\public\\index.php')
CRITICAL - 2023-09-22 11:27:01 --> Undefined variable $id
in APPPATH\Controllers\ProductController.php on line 57.
 1 APPPATH\Controllers\ProductController.php(57): CodeIgniter\Debug\Exceptions->errorHandler(2, 'Undefined variable $id', 'D:\\laragon\\www\\ITC311_Activity1_SimpleCRUD\\app\\Controllers\\ProductController.php', 57)
 2 SYSTEMPATH\CodeIgniter.php(919): App\Controllers\ProductController->update()
 3 SYSTEMPATH\CodeIgniter.php(494): CodeIgniter\CodeIgniter->runController(Object(App\Controllers\ProductController))
 4 SYSTEMPATH\CodeIgniter.php(353): CodeIgniter\CodeIgniter->handleRequest(null, Object(Config\Cache), false)
 5 FCPATH\index.php(79): CodeIgniter\CodeIgniter->run()
 6 SYSTEMPATH\Commands\Server\rewrite.php(47): require_once('D:\\laragon\\www\\ITC311_Activity1_SimpleCRUD\\public\\index.php')
CRITICAL - 2023-09-22 11:27:41 --> Undefined variable $id
in APPPATH\Controllers\ProductController.php on line 57.
 1 APPPATH\Controllers\ProductController.php(57): CodeIgniter\Debug\Exceptions->errorHandler(2, 'Undefined variable $id', 'D:\\laragon\\www\\ITC311_Activity1_SimpleCRUD\\app\\Controllers\\ProductController.php', 57)
 2 SYSTEMPATH\CodeIgniter.php(919): App\Controllers\ProductController->update()
 3 SYSTEMPATH\CodeIgniter.php(494): CodeIgniter\CodeIgniter->runController(Object(App\Controllers\ProductController))
 4 SYSTEMPATH\CodeIgniter.php(353): CodeIgniter\CodeIgniter->handleRequest(null, Object(Config\Cache), false)
 5 FCPATH\index.php(79): CodeIgniter\CodeIgniter->run()
 6 SYSTEMPATH\Commands\Server\rewrite.php(47): require_once('D:\\laragon\\www\\ITC311_Activity1_SimpleCRUD\\public\\index.php')
CRITICAL - 2023-09-22 11:28:33 --> Invalid file: "product.php"
in SYSTEMPATH\Exceptions\FrameworkException.php on line 39.
 1 SYSTEMPATH\View\View.php(214): CodeIgniter\Exceptions\FrameworkException::forInvalidFile('product.php')
 2 SYSTEMPATH\Common.php(1188): CodeIgniter\View\View->render('product', [], true)
 3 APPPATH\Controllers\ProductController.php(60): view('product', [...])
 4 SYSTEMPATH\CodeIgniter.php(919): App\Controllers\ProductController->update()
 5 SYSTEMPATH\CodeIgniter.php(494): CodeIgniter\CodeIgniter->runController(Object(App\Controllers\ProductController))
 6 SYSTEMPATH\CodeIgniter.php(353): CodeIgniter\CodeIgniter->handleRequest(null, Object(Config\Cache), false)
 7 FCPATH\index.php(79): CodeIgniter\CodeIgniter->run()
 8 SYSTEMPATH\Commands\Server\rewrite.php(47): require_once('D:\\laragon\\www\\ITC311_Activity1_SimpleCRUD\\public\\index.php')
CRITICAL - 2023-09-22 11:29:02 --> Undefined variable $products
in APPPATH\Views\products.php on line 198.
 1 APPPATH\Views\products.php(198): CodeIgniter\Debug\Exceptions->errorHandler(2, 'Undefined variable $products', 'D:\\laragon\\www\\ITC311_Activity1_SimpleCRUD\\app\\Views\\products.php', 198)
 2 SYSTEMPATH\View\View.php(226): include('D:\\laragon\\www\\ITC311_Activity1_SimpleCRUD\\app\\Views\\products.php')
 3 SYSTEMPATH\View\View.php(229): CodeIgniter\View\View->CodeIgniter\View\{closure}()
 4 SYSTEMPATH\Common.php(1188): CodeIgniter\View\View->render('products', [], true)
 5 APPPATH\Controllers\ProductController.php(60): view('products', [...])
 6 SYSTEMPATH\CodeIgniter.php(919): App\Controllers\ProductController->update()
 7 SYSTEMPATH\CodeIgniter.php(494): CodeIgniter\CodeIgniter->runController(Object(App\Controllers\ProductController))
 8 SYSTEMPATH\CodeIgniter.php(353): CodeIgniter\CodeIgniter->handleRequest(null, Object(Config\Cache), false)
 9 FCPATH\index.php(79): CodeIgniter\CodeIgniter->run()
10 SYSTEMPATH\Commands\Server\rewrite.php(47): require_once('D:\\laragon\\www\\ITC311_Activity1_SimpleCRUD\\public\\index.php')
CRITICAL - 2023-09-22 11:30:53 --> Call to a member function findAll() on null
in APPPATH\Controllers\ProductController.php on line 23.
 1 SYSTEMPATH\CodeIgniter.php(919): App\Controllers\ProductController->index()
 2 SYSTEMPATH\CodeIgniter.php(494): CodeIgniter\CodeIgniter->runController(Object(App\Controllers\ProductController))
 3 SYSTEMPATH\CodeIgniter.php(353): CodeIgniter\CodeIgniter->handleRequest(null, Object(Config\Cache), false)
 4 FCPATH\index.php(79): CodeIgniter\CodeIgniter->run()
 5 SYSTEMPATH\Commands\Server\rewrite.php(47): require_once('D:\\laragon\\www\\ITC311_Activity1_SimpleCRUD\\public\\index.php')
CRITICAL - 2023-09-22 12:03:34 --> Too few arguments to function App\Controllers\ProductController::delete(), 0 passed in D:\laragon\www\ITC311_Activity1_SimpleCRUD\system\CodeIgniter.php on line 919 and exactly 1 expected
in APPPATH\Controllers\ProductController.php on line 68.
 1 SYSTEMPATH\CodeIgniter.php(919): App\Controllers\ProductController->delete()
 2 SYSTEMPATH\CodeIgniter.php(494): CodeIgniter\CodeIgniter->runController(Object(App\Controllers\ProductController))
 3 SYSTEMPATH\CodeIgniter.php(353): CodeIgniter\CodeIgniter->handleRequest(null, Object(Config\Cache), false)
 4 FCPATH\index.php(79): CodeIgniter\CodeIgniter->run()
 5 SYSTEMPATH\Commands\Server\rewrite.php(47): require_once('D:\\laragon\\www\\ITC311_Activity1_SimpleCRUD\\public\\index.php')
CRITICAL - 2023-09-22 12:04:16 --> Undefined variable $id
in APPPATH\Controllers\ProductController.php on line 70.
 1 APPPATH\Controllers\ProductController.php(70): CodeIgniter\Debug\Exceptions->errorHandler(2, 'Undefined variable $id', 'D:\\laragon\\www\\ITC311_Activity1_SimpleCRUD\\app\\Controllers\\ProductController.php', 70)
 2 SYSTEMPATH\CodeIgniter.php(919): App\Controllers\ProductController->delete()
 3 SYSTEMPATH\CodeIgniter.php(494): CodeIgniter\CodeIgniter->runController(Object(App\Controllers\ProductController))
 4 SYSTEMPATH\CodeIgniter.php(353): CodeIgniter\CodeIgniter->handleRequest(null, Object(Config\Cache), false)
 5 FCPATH\index.php(79): CodeIgniter\CodeIgniter->run()
 6 SYSTEMPATH\Commands\Server\rewrite.php(47): require_once('D:\\laragon\\www\\ITC311_Activity1_SimpleCRUD\\public\\index.php')
CRITICAL - 2023-09-22 12:06:28 --> Too few arguments to function App\Controllers\ProductController::update(), 0 passed in D:\laragon\www\ITC311_Activity1_SimpleCRUD\system\CodeIgniter.php on line 919 and exactly 1 expected
in APPPATH\Controllers\ProductController.php on line 53.
 1 SYSTEMPATH\CodeIgniter.php(919): App\Controllers\ProductController->update()
 2 SYSTEMPATH\CodeIgniter.php(494): CodeIgniter\CodeIgniter->runController(Object(App\Controllers\ProductController))
 3 SYSTEMPATH\CodeIgniter.php(353): CodeIgniter\CodeIgniter->handleRequest(null, Object(Config\Cache), false)
 4 FCPATH\index.php(79): CodeIgniter\CodeIgniter->run()
 5 SYSTEMPATH\Commands\Server\rewrite.php(47): require_once('D:\\laragon\\www\\ITC311_Activity1_SimpleCRUD\\public\\index.php')
